  cmd_console_tools.cpp
D:\6.2\90-b2\90-b2\cmd_console_tools.cpp(211,24): warning C4267: “=”: 从“size_t”转换到“int”，可能丢失数据
  magic_ball_graph.cpp
  magic_ball_base.cpp
C:\Program Files\Microsoft Visual Studio\2022\Community\VC\Tools\MSVC\14.39.33519\include\xutility(5027,13): error C2100: 无法取消引用类型为“_FwdIt”的操作数
C:\Program Files\Microsoft Visual Studio\2022\Community\VC\Tools\MSVC\14.39.33519\include\xutility(5027,13): error C2100:         with
C:\Program Files\Microsoft Visual Studio\2022\Community\VC\Tools\MSVC\14.39.33519\include\xutility(5027,13): error C2100:         [
C:\Program Files\Microsoft Visual Studio\2022\Community\VC\Tools\MSVC\14.39.33519\include\xutility(5027,13): error C2100:             _FwdIt=int
C:\Program Files\Microsoft Visual Studio\2022\Community\VC\Tools\MSVC\14.39.33519\include\xutility(5027,13): error C2100:         ]
  (编译源文件“magic_ball_base.cpp”)
  C:\Program Files\Microsoft Visual Studio\2022\Community\VC\Tools\MSVC\14.39.33519\include\xutility(5027,13):
  模板实例化上下文(最早的实例化上下文)为
  	D:\6.2\90-b2\90-b2\magic_ball_base.cpp(17,3):
  	查看对正在编译的函数 模板 实例化“void std::fill<int,int[][11]>(const _FwdIt,const _FwdIt,const _Ty &)”的引用
          with
          [
              _FwdIt=int,
              _Ty=int [][11]
          ]
  
C:\Program Files\Microsoft Visual Studio\2022\Community\VC\Tools\MSVC\14.39.33519\include\xutility(5027,24): error C2440: “=”: 无法从“const _Ty”转换为“_FwdIt”
C:\Program Files\Microsoft Visual Studio\2022\Community\VC\Tools\MSVC\14.39.33519\include\xutility(5027,24): error C2440:         with
C:\Program Files\Microsoft Visual Studio\2022\Community\VC\Tools\MSVC\14.39.33519\include\xutility(5027,24): error C2440:         [
C:\Program Files\Microsoft Visual Studio\2022\Community\VC\Tools\MSVC\14.39.33519\include\xutility(5027,24): error C2440:             _Ty=int [][11]
C:\Program Files\Microsoft Visual Studio\2022\Community\VC\Tools\MSVC\14.39.33519\include\xutility(5027,24): error C2440:         ]
C:\Program Files\Microsoft Visual Studio\2022\Community\VC\Tools\MSVC\14.39.33519\include\xutility(5027,24): error C2440:         and
C:\Program Files\Microsoft Visual Studio\2022\Community\VC\Tools\MSVC\14.39.33519\include\xutility(5027,24): error C2440:         [
C:\Program Files\Microsoft Visual Studio\2022\Community\VC\Tools\MSVC\14.39.33519\include\xutility(5027,24): error C2440:             _FwdIt=int
C:\Program Files\Microsoft Visual Studio\2022\Community\VC\Tools\MSVC\14.39.33519\include\xutility(5027,24): error C2440:         ]
  (编译源文件“magic_ball_base.cpp”)
  C:\Program Files\Microsoft Visual Studio\2022\Community\VC\Tools\MSVC\14.39.33519\include\xutility(5027,24):
  没有使该转换得以执行的上下文
  
  magic_ball_main.cpp
  magic_ball_menu.cpp
  magic_ball_tools.cpp
  正在生成代码...
